[INFO ] [2021-02-27 22:16:33,771] Open Chrome APP
[INFO ] [2021-02-27 22:16:33,771] TEST---------------
[INFO ] [2021-02-27 22:18:29,282] Open Chrome APP
[INFO ] [2021-02-27 22:18:29,285] TEST---------------
[INFO ] [2021-02-28 07:33:59,460] Open Chrome APP
[INFO ] [2021-02-28 07:33:59,461] TEST---------------
[INFO ] [2021-02-28 07:36:01,772] Open Chrome APP
[INFO ] [2021-02-28 07:36:01,776] TEST---------------
[INFO ] [2021-02-28 08:56:33,770] Open Chrome APP
[INFO ] [2021-02-28 08:56:33,773] TEST---------------
[INFO ] [2021-02-28 10:26:17,235] Open Chrome APP
[INFO ] [2021-02-28 10:26:48,157] Open Chrome APP
[INFO ] [2021-02-28 10:34:26,060] Open Chrome APP
[INFO ] [2021-02-28 10:36:57,926] Open Chrome APP
[INFO ] [2021-03-02 17:07:05,484] Open Chrome APP
[INFO ] [2021-03-03 08:39:52,597] Open Chrome APP
[INFO ] [2021-03-03 08:49:37,134] Open Chrome APP
[INFO ] [2021-03-03 14:45:07,210] Open Demo APP
[INFO ] [2021-03-03 14:46:24,963] Open Demo APP
[INFO ] [2021-03-03 15:01:35,196] Open Demo APP
[INFO ] [2021-03-03 15:02:02,321] Open Demo APP
[INFO ] [2021-03-03 15:32:24,638] Open Demo APP
[INFO ] [2021-03-03 15:33:22,932] Open Demo APP
[INFO ] [2021-03-03 15:34:13,067] Open Demo APP
[INFO ] [2021-03-03 15:34:59,401] Open Demo APP
[INFO ] [2021-03-03 16:01:05,417] Open Demo APP
[INFO ] [2021-03-03 16:02:43,033] Open Demo APP
[INFO ] [2021-03-03 16:04:19,754] Open Demo APP
[INFO ] [2021-03-03 16:05:47,257] Open Demo APP
[INFO ] [2021-03-03 16:07:41,895] Open Demo APP
[INFO ] [2021-03-03 16:21:10,907] Open Demo APP
[INFO ] [2021-03-03 16:22:16,285] Open Demo APP
[INFO ] [2021-03-03 16:24:41,896] Open Demo APP
[INFO ] [2021-03-03 16:27:33,597] Open Demo APP
[INFO ] [2021-03-03 16:29:02,135] Open Demo APP
[INFO ] [2021-03-03 16:34:01,060] Open Demo APP
[INFO ] [2021-03-03 16:44:01,248] Open Demo APP
[INFO ] [2021-03-03 16:45:20,261] Open Demo APP
[INFO ] [2021-03-03 16:46:32,356] Open Demo APP
[INFO ] [2021-03-03 16:47:43,586] Open Demo APP
[INFO ] [2021-03-03 16:52:38,803] Open Demo APP
[INFO ] [2021-03-03 20:31:28,471] Open Demo APP
[INFO ] [2021-03-04 10:32:22,509] Open Demo APP
[INFO ] [2021-03-04 15:36:49,596] Open Demo APP
[INFO ] [2021-03-04 15:39:57,430] Open Demo APP
[INFO ] [2021-03-04 15:40:49,316] Open Demo APP
[INFO ] [2021-03-04 16:23:12,086] Open Demo APP
[INFO ] [2021-03-04 22:42:12,972] Open Demo APP
[INFO ] [2021-03-04 22:50:27,191] Open Demo APP
[INFO ] [2021-03-04 22:51:51,302] Open Demo APP
[INFO ] [2021-03-04 22:54:25,807] Open Demo APP
[INFO ] [2021-03-04 22:55:39,693] Open Demo APP
[INFO ] [2021-03-04 22:56:45,612] Open Demo APP
[INFO ] [2021-03-04 22:57:29,358] Open Demo APP
[INFO ] [2021-03-05 17:13:15,799] Open Demo APP
[INFO ] [2021-03-05 17:14:01,786] Open Demo APP
[INFO ] [2021-03-05 17:17:47,648] Open Demo APP
[INFO ] [2021-03-09 11:17:37,715] Open Demo APP
[INFO ] [2021-03-09 11:25:31,154] Open APP
[INFO ] [2021-03-09 11:26:15,023] Open APP
[INFO ] [2021-03-09 13:09:19,391] OPEN APP
[INFO ] [2021-03-09 13:13:54,541] OPEN APP
[INFO ] [2021-03-09 13:14:17,276] OPEN APP
[INFO ] [2021-03-09 13:14:47,294] OPEN APP
[INFO ] [2021-03-09 13:16:20,660] OPEN APP
[INFO ] [2021-03-09 13:17:27,968] OPEN APP
[INFO ] [2021-03-09 13:19:23,907] OPEN APP
[INFO ] [2021-03-09 13:22:42,376] OPEN APP
[INFO ] [2021-03-09 14:27:38,608] OPEN APP
[INFO ] [2021-03-09 14:29:30,338] OPEN APP
[INFO ] [2021-03-09 14:31:16,689] OPEN APP
[INFO ] [2021-03-09 14:32:32,490] OPEN APP
[INFO ] [2021-03-09 14:38:21,792] OPEN APP
[INFO ] [2021-03-09 14:49:11,199] OPEN APP
[INFO ] [2021-03-09 15:05:22,470] OPEN APP
[INFO ] [2021-03-09 15:13:58,324] OPEN APP
[INFO ] [2021-03-09 15:15:57,954] OPEN APP
[INFO ] [2021-03-09 15:16:58,363] OPEN APP
[INFO ] [2021-03-09 15:30:28,770] OPEN APP
[INFO ] [2021-03-09 15:32:47,270] OPEN APP
[INFO ] [2021-03-09 15:33:18,106] OPEN APP
[INFO ] [2021-03-09 15:33:52,361] OPEN APP
[INFO ] [2021-03-09 15:35:29,789] OPEN APP
[INFO ] [2021-03-09 15:36:55,507] OPEN APP
[INFO ] [2021-03-09 15:43:15,400] OPEN APP
[INFO ] [2021-03-09 15:44:41,592] OPEN APP
[INFO ] [2021-03-09 16:43:58,629] OPEN APP
[INFO ] [2021-03-09 16:47:16,839] OPEN APP
[INFO ] [2021-03-09 16:48:29,458] OPEN APP
[INFO ] [2021-03-09 16:49:06,812] OPEN APP
[INFO ] [2021-03-09 16:49:49,559] OPEN APP
[INFO ] [2021-03-09 16:51:36,803] OPEN APP
[INFO ] [2021-03-09 16:55:17,487] OPEN APP
[INFO ] [2021-03-09 16:56:25,838] OPEN APP
[INFO ] [2021-03-09 16:57:19,167] OPEN APP
[INFO ] [2021-03-09 17:12:45,515] OPEN APP
[INFO ] [2021-03-09 17:14:40,104] OPEN APP
